c:\users\геймер алексей\documents\visual studio 2017\projects\graph\graph\x64\debug\vc141.pdb
c:\users\геймер алексей\documents\visual studio 2017\projects\graph\graph\x64\debug\vc141.idb
c:\users\геймер алексей\documents\visual studio 2017\projects\graph\graph\x64\debug\main.obj
c:\users\геймер алексей\documents\visual studio 2017\projects\graph\graph\x64\debug\algorithms.obj
c:\users\геймер алексей\documents\visual studio 2017\projects\graph\x64\debug\graph.pdb
c:\users\геймер алексей\documents\visual studio 2017\projects\graph\graph\x64\debug\graph.tlog\cl.command.1.tlog
c:\users\геймер алексей\documents\visual studio 2017\projects\graph\graph\x64\debug\graph.tlog\cl.read.1.tlog
c:\users\геймер алексей\documents\visual studio 2017\projects\graph\graph\x64\debug\graph.tlog\cl.write.1.tlog
c:\users\геймер алексей\documents\visual studio 2017\projects\graph\graph\x64\debug\graph.tlog\link-cvtres.read.1.tlog
c:\users\геймер алексей\documents\visual studio 2017\projects\graph\graph\x64\debug\graph.tlog\link-cvtres.write.1.tlog
c:\users\геймер алексей\documents\visual studio 2017\projects\graph\graph\x64\debug\graph.tlog\link-rc.read.1.tlog
c:\users\геймер алексей\documents\visual studio 2017\projects\graph\graph\x64\debug\graph.tlog\link-rc.write.1.tlog
c:\users\геймер алексей\documents\visual studio 2017\projects\graph\graph\x64\debug\graph.tlog\link.7668-cvtres.read.1.tlog
c:\users\геймер алексей\documents\visual studio 2017\projects\graph\graph\x64\debug\graph.tlog\link.7668-cvtres.write.1.tlog
c:\users\геймер алексей\documents\visual studio 2017\projects\graph\graph\x64\debug\graph.tlog\link.7668-rc.read.1.tlog
c:\users\геймер алексей\documents\visual studio 2017\projects\graph\graph\x64\debug\graph.tlog\link.7668-rc.write.1.tlog
c:\users\геймер алексей\documents\visual studio 2017\projects\graph\graph\x64\debug\graph.tlog\link.7668.read.1.tlog
c:\users\геймер алексей\documents\visual studio 2017\projects\graph\graph\x64\debug\graph.tlog\link.7668.write.1.tlog
c:\users\геймер алексей\documents\visual studio 2017\projects\graph\graph\x64\debug\graph.tlog\link.command.1.tlog
c:\users\геймер алексей\documents\visual studio 2017\projects\graph\graph\x64\debug\graph.tlog\link.read.1.tlog
c:\users\геймер алексей\documents\visual studio 2017\projects\graph\graph\x64\debug\graph.tlog\link.write.1.tlog
